# JRE version: Java(TM) SE Runtime Environment (8.0_101-b13) (build 1.8.0_101-b13)
# Java VM: Java HotSpot(TM) 64-Bit Server VM (25.101-b13 mixed mode bsd-amd64 compressed oops)
Heap:
 PSYoungGen      total 141824K, used 66028K [0x000000076ab00000, 0x0000000777600000, 0x00000007c0000000)
  eden space 131072K, 50% used [0x000000076ab00000,0x000000076eb7b288,0x0000000772b00000)
  from space 10752K, 0% used [0x0000000772b00000,0x0000000772b00000,0x0000000773580000)
  to   space 10752K, 0% used [0x0000000776b80000,0x0000000776b80000,0x0000000777600000)
 ParOldGen       total 570880K, used 252816K [0x00000006c0000000, 0x00000006e2d80000, 0x000000076ab00000)
  object space 570880K, 44% used [0x00000006c0000000,0x00000006cf6e4308,0x00000006e2d80000)
 Metaspace       used 6335K, capacity 6502K, committed 6656K, reserved 1056768K
  class space    used 692K, capacity 767K, committed 768K, reserved 1048576K
GC Heap History (10 events):
Event: 0.289 GC heap before
{Heap before GC invocations=1 (full 0):
 PSYoungGen      total 76288K, used 65536K [0x000000076ab00000, 0x0000000770000000, 0x00000007c0000000)
  eden space 65536K, 100% used [0x000000076ab00000,0x000000076eb00000,0x000000076eb00000)
  from space 10752K, 0% used [0x000000076f580000,0x000000076f580000,0x0000000770000000)
  to   space 10752K, 0% used [0x000000076eb00000,0x000000076eb00000,0x000000076f580000)
 ParOldGen       total 175104K, used 0K [0x00000006c0000000, 0x00000006cab00000, 0x000000076ab00000)
  object space 175104K, 0% used [0x00000006c0000000,0x00000006c0000000,0x00000006cab00000)
 Metaspace       used 5150K, capacity 5332K, committed 5504K, reserved 1056768K
  class space    used 549K, capacity 592K, committed 640K, reserved 1048576K
Event: 0.366 GC heap after
Heap after GC invocations=1 (full 0):
 PSYoungGen      total 76288K, used 10736K [0x000000076ab00000, 0x0000000774000000, 0x00000007c0000000)
  eden space 65536K, 0% used [0x000000076ab00000,0x000000076ab00000,0x000000076eb00000)
  from space 10752K, 99% used [0x000000076eb00000,0x000000076f57c010,0x000000076f580000)
  to   space 10752K, 0% used [0x0000000773580000,0x0000000773580000,0x0000000774000000)
 ParOldGen       total 175104K, used 48758K [0x00000006c0000000, 0x00000006cab00000, 0x000000076ab00000)
  object space 175104K, 27% used [0x00000006c0000000,0x00000006c2f9d968,0x00000006cab00000)
 Metaspace       used 5150K, capacity 5332K, committed 5504K, reserved 1056768K
  class space    used 549K, capacity 592K, committed 640K, reserved 1048576K
}
Event: 0.410 GC heap before
{Heap before GC invocations=2 (full 0):
 PSYoungGen      total 76288K, used 76272K [0x000000076ab00000, 0x0000000774000000, 0x00000007c0000000)
  eden space 65536K, 100% used [0x000000076ab00000,0x000000076eb00000,0x000000076eb00000)
  from space 10752K, 99% used [0x000000076eb00000,0x000000076f57c010,0x000000076f580000)
  to   space 10752K, 0% used [0x0000000773580000,0x0000000773580000,0x0000000774000000)
 ParOldGen       total 175104K, used 48758K [0x00000006c0000000, 0x00000006cab00000, 0x000000076ab00000)
  object space 175104K, 27% used [0x00000006c0000000,0x00000006c2f9d968,0x00000006cab00000)
 Metaspace       used 5173K, capacity 5332K, committed 5504K, reserved 1056768K
  class space    used 550K, capacity 592K, committed 640K, reserved 1048576K
Event: 0.694 GC heap after
Heap after GC invocations=2 (full 0):
 PSYoungGen      total 141824K, used 10736K [0x000000076ab00000, 0x0000000774000000, 0x00000007c0000000)
  eden space 131072K, 0% used [0x000000076ab00000,0x000000076ab00000,0x0000000772b00000)
  from space 10752K, 99% used [0x0000000773580000,0x0000000773ffc010,0x0000000774000000)
  to   space 10752K, 0% used [0x0000000772b00000,0x0000000772b00000,0x0000000773580000)
 ParOldGen       total 175104K, used 114409K [0x00000006c0000000, 0x00000006cab00000, 0x000000076ab00000)
  object space 175104K, 65% used [0x00000006c0000000,0x00000006c6fba678,0x00000006cab00000)
 Metaspace       used 5173K, capacity 5332K, committed 5504K, reserved 1056768K
  class space    used 550K, capacity 592K, committed 640K, reserved 1048576K
}
Event: 0.694 GC heap before
{Heap before GC invocations=3 (full 1):
 PSYoungGen      total 141824K, used 10736K [0x000000076ab00000, 0x0000000774000000, 0x00000007c0000000)
  eden space 131072K, 0% used [0x000000076ab00000,0x000000076ab00000,0x0000000772b00000)
  from space 10752K, 99% used [0x0000000773580000,0x0000000773ffc010,0x0000000774000000)
  to   space 10752K, 0% used [0x0000000772b00000,0x0000000772b00000,0x0000000773580000)
 ParOldGen       total 175104K, used 114409K [0x00000006c0000000, 0x00000006cab00000, 0x000000076ab00000)
  object space 175104K, 65% used [0x00000006c0000000,0x00000006c6fba678,0x00000006cab00000)
 Metaspace       used 5173K, capacity 5332K, committed 5504K, reserved 1056768K
  class space    used 550K, capacity 592K, committed 640K, reserved 1048576K
Event: 2.277 GC heap after
Heap after GC invocations=3 (full 1):
 PSYoungGen      total 141824K, used 0K [0x000000076ab00000, 0x0000000774000000, 0x00000007c0000000)
  eden space 131072K, 0% used [0x000000076ab00000,0x000000076ab00000,0x0000000772b00000)
  from space 10752K, 0% used [0x0000000773580000,0x0000000773580000,0x0000000774000000)
  to   space 10752K, 0% used [0x0000000772b00000,0x0000000772b00000,0x0000000773580000)
 ParOldGen       total 306176K, used 124367K [0x00000006c0000000, 0x00000006d2b00000, 0x000000076ab00000)
  object space 306176K, 40% used [0x00000006c0000000,0x00000006c7973da8,0x00000006d2b00000)
 Metaspace       used 5173K, capacity 5332K, committed 5504K, reserved 1056768K
  class space    used 550K, capacity 592K, committed 640K, reserved 1048576K
}
Event: 2.435 GC heap before
{Heap before GC invocations=4 (full 1):
 PSYoungGen      total 141824K, used 131072K [0x000000076ab00000, 0x0000000774000000, 0x00000007c0000000)
  eden space 131072K, 100% used [0x000000076ab00000,0x0000000772b00000,0x0000000772b00000)
  from space 10752K, 0% used [0x0000000773580000,0x0000000773580000,0x0000000774000000)
  to   space 10752K, 0% used [0x0000000772b00000,0x0000000772b00000,0x0000000773580000)
 ParOldGen       total 306176K, used 124367K [0x00000006c0000000, 0x00000006d2b00000, 0x000000076ab00000)
  object space 306176K, 40% used [0x00000006c0000000,0x00000006c7973da8,0x00000006d2b00000)
 Metaspace       used 5173K, capacity 5332K, committed 5504K, reserved 1056768K
  class space    used 550K, capacity 592K, committed 640K, reserved 1048576K
Event: 2.828 GC heap after
Heap after GC invocations=4 (full 1):
 PSYoungGen      total 141824K, used 10752K [0x000000076ab00000, 0x0000000777600000, 0x00000007c0000000)
  eden space 131072K, 0% used [0x000000076ab00000,0x000000076ab00000,0x0000000772b00000)
  from space 10752K, 100% used [0x0000000772b00000,0x0000000773580000,0x0000000773580000)
  to   space 10752K, 0% used [0x0000000776b80000,0x0000000776b80000,0x0000000777600000)
 ParOldGen       total 306176K, used 242282K [0x00000006c0000000, 0x00000006d2b00000, 0x000000076ab00000)
  object space 306176K, 79% used [0x00000006c0000000,0x00000006cec9aab8,0x00000006d2b00000)
 Metaspace       used 5173K, capacity 5332K, committed 5504K, reserved 1056768K
  class space    used 550K, capacity 592K, committed 640K, reserved 1048576K
}
Event: 2.828 GC heap before
{Heap before GC invocations=5 (full 2):
 PSYoungGen      total 141824K, used 10752K [0x000000076ab00000, 0x0000000777600000, 0x00000007c0000000)
  eden space 131072K, 0% used [0x000000076ab00000,0x000000076ab00000,0x0000000772b00000)
  from space 10752K, 100% used [0x0000000772b00000,0x0000000773580000,0x0000000773580000)
  to   space 10752K, 0% used [0x0000000776b80000,0x0000000776b80000,0x0000000777600000)
 ParOldGen       total 306176K, used 242282K [0x00000006c0000000, 0x00000006d2b00000, 0x000000076ab00000)
  object space 306176K, 79% used [0x00000006c0000000,0x00000006cec9aab8,0x00000006d2b00000)
 Metaspace       used 5173K, capacity 5332K, committed 5504K, reserved 1056768K
  class space    used 550K, capacity 592K, committed 640K, reserved 1048576K
Event: 4.358 GC heap after
Heap after GC invocations=5 (full 2):
 PSYoungGen      total 141824K, used 0K [0x000000076ab00000, 0x0000000777600000, 0x00000007c0000000)
  eden space 131072K, 0% used [0x000000076ab00000,0x000000076ab00000,0x0000000772b00000)
  from space 10752K, 0% used [0x0000000772b00000,0x0000000772b00000,0x0000000773580000)
  to   space 10752K, 0% used [0x0000000776b80000,0x0000000776b80000,0x0000000777600000)
 ParOldGen       total 570880K, used 252816K [0x00000006c0000000, 0x00000006e2d80000, 0x000000076ab00000)
  object space 570880K, 44% used [0x00000006c0000000,0x00000006cf6e4308,0x00000006e2d80000)
 Metaspace       used 5173K, capacity 5332K, committed 5504K, reserved 1056768K
  class space    used 550K, capacity 592K, committed 640K, reserved 1048576K
}

